<?xml version="1.0" encoding="UTF-8"?>
<!-- Generated by org.testng.reporters.JUnitReportReporter -->
<testsuite hostname="DESKTOP-FVH9OTV" failures="0" tests="5" name="com.rest.PostMethods" time="7.729" errors="0" timestamp="2022-10-25T11:00:56 IST" skipped="0">
  <testcase classname="com.rest.PostMethods" name="replace_item_inCart" time="1.462"/>
  <system-out/>
  <testcase classname="com.rest.PostMethods" name="create_cart" time="1.475"/>
  <system-out/>
  <testcase classname="com.rest.PostMethods" name="Add_ItemTo_cart" time="1.599"/>
  <system-out/>
  <testcase classname="com.rest.PostMethods" name="create_new_order" time="1.567"/>
  <system-out/>
  <testcase classname="com.rest.PostMethods" name="register_newAPI_Client" time="1.626"/>
  <system-out/>
</testsuite> <!-- com.rest.PostMethods -->
