<?xml version="1.0" encoding="UTF-8"?>
<!-- Generated by org.testng.reporters.JUnitReportReporter -->
<testsuite hostname="DESKTOP-FVH9OTV" failures="0" tests="10" name="com.rest.GetMethods" time="21.892" errors="0" timestamp="2022-10-25T11:00:56 IST" skipped="0">
  <testcase classname="com.rest.GetMethods" name="get_Product_Stock" time="1.593"/>
  <system-out/>
  <testcase classname="com.rest.GetMethods" name="get_Orders_First" time="1.379"/>
  <system-out/>
  <testcase classname="com.rest.GetMethods" name="get_status" time="7.547"/>
  <system-out/>
  <testcase classname="com.rest.GetMethods" name="get_ListOfProducts" time="1.932"/>
  <system-out/>
  <testcase classname="com.rest.GetMethods" name="get_ListOfProducts" time="1.627"/>
  <system-out/>
  <testcase classname="com.rest.GetMethods" name="get_ListOfProducts" time="1.631"/>
  <system-out/>
  <testcase classname="com.rest.GetMethods" name="get_Orders_After_ItemAdded" time="1.602"/>
  <system-out/>
  <testcase classname="com.rest.GetMethods" name="get_Cart_items" time="1.428"/>
  <system-out/>
  <testcase classname="com.rest.GetMethods" name="get_Product" time="1.610"/>
  <system-out/>
  <testcase classname="com.rest.GetMethods" name="get_Cart_using_CartID" time="1.543"/>
  <system-out/>
</testsuite> <!-- com.rest.GetMethods -->
